<?xml version="1.0" encoding="utf-8"?><testsuites name="pytest tests"><testsuite name="pytest" errors="0" failures="0" skipped="0" tests="12" time="2.076" timestamp="2026-06-30T16:26:24.834992+00:00" hostname="agent-env-8f86617f-8568-47fc-b495-28bd4513ab1e"><testcase classname="backend.tests.test_flex_payments_and_traveler_info.TestPaymentOptionsInitialState" name="test_initial_state_offers_deposit_and_full" time="0.274" /><testcase classname="backend.tests.test_flex_payments_and_traveler_info.TestPaymentOptionsAfterDeposit" name="test_after_deposit_offers_balance_and_partial" time="0.057" /><testcase classname="backend.tests.test_flex_payments_and_traveler_info.TestCreateOrderPartial" name="test_partial_happy_path" time="1.005" /><testcase classname="backend.tests.test_flex_payments_and_traveler_info.TestCreateOrderPartial" name="test_partial_below_min_rejected" time="0.053" /><testcase classname="backend.tests.test_flex_payments_and_traveler_info.TestCreateOrderPartial" name="test_partial_above_max_rejected" time="0.054" /><testcase classname="backend.tests.test_flex_payments_and_traveler_info.TestCreateOrderPartial" name="test_partial_no_amount_rejected" time="0.055" /><testcase classname="backend.tests.test_flex_payments_and_traveler_info.TestCreateOrderGuards" name="test_balance_before_any_capture_rejected" time="0.055" /><testcase classname="backend.tests.test_flex_payments_and_traveler_info.TestCreateOrderGuards" name="test_partial_before_any_capture_rejected" time="0.056" /><testcase classname="backend.tests.test_flex_payments_and_traveler_info.TestTravelerInfoEndpoint" name="test_submit_returns_200_and_persists" time="0.091" /><testcase classname="backend.tests.test_flex_payments_and_traveler_info.TestTravelerInfoEndpoint" name="test_last_submit_wins" time="0.111" /><testcase classname="backend.tests.test_flex_payments_and_traveler_info.TestTravelerInfoEndpoint" name="test_unknown_token_returns_404" time="0.052" /><testcase classname="backend.tests.test_flex_payments_and_traveler_info.TestTravelerInfoEndpoint" name="test_empty_created_by_does_not_break" time="0.059" /></testsuite></testsuites>