<?xml version="1.0" encoding="utf-8"?><testsuites name="pytest tests"><testsuite name="pytest" errors="0" failures="0" skipped="1" tests="28" time="0.678" timestamp="2026-05-31T19:28:57.509990+00:00" hostname="agent-env-8f86617f-8568-47fc-b495-28bd4513ab1e"><testcase classname="backend.tests.test_iteration3_partner_calibration.TestCalibrationStatus" name="test_admin_returns_status_with_by_partner" time="0.079" /><testcase classname="backend.tests.test_iteration3_partner_calibration.TestCalibrationStatus" name="test_agent_gets_403" time="0.003" /><testcase classname="backend.tests.test_iteration3_partner_calibration.TestCalibrationStatus" name="test_no_token_gets_401" time="0.002" /><testcase classname="backend.tests.test_iteration3_partner_calibration.TestCalibrationRules" name="test_admin_returns_54_rules_with_ar_to_ax" time="0.004" /><testcase classname="backend.tests.test_iteration3_partner_calibration.TestCalibrationRules" name="test_agent_gets_403" time="0.003" /><testcase classname="backend.tests.test_iteration3_partner_calibration.TestCalibrationRunConflict" name="test_calibration_run_does_not_start_extra" time="0.001"><skipped type="pytest.skip" message="no running job exists; would actually launch the subprocess">/app/backend/tests/test_iteration3_partner_calibration.py:186: no running job exists; would actually launch the subprocess</skipped></testcase><testcase classname="backend.tests.test_iteration3_partner_calibration.TestCalibrationRunConflict" name="test_calibration_run_agent_403" time="0.003" /><testcase classname="backend.tests.test_iteration3_partner_calibration.TestFxRate" name="test_fx_rate_admin" time="0.003" /><testcase classname="backend.tests.test_iteration3_partner_calibration.TestFxRate" name="test_fx_rate_agent_allowed" time="0.003" /><testcase classname="backend.tests.test_iteration3_partner_calibration.TestFxRate" name="test_fx_rate_no_token_401" time="0.002" /><testcase classname="backend.tests.test_iteration3_partner_calibration.TestAIGenerate" name="test_400_on_missing_client_request" time="0.047" /><testcase classname="backend.tests.test_iteration3_partner_calibration.TestAIGenerate" name="test_agent_gets_403" time="0.003" /><testcase classname="backend.tests.test_iteration3_partner_calibration.TestAIGenerate" name="test_agent_blocked_on_retrieval_stats" time="0.003" /><testcase classname="backend.tests.test_iteration3_partner_calibration.TestTrainingExamplesList" name="test_admin_lists_167_all_partner_kimkim" time="0.071" /><testcase classname="backend.tests.test_iteration3_partner_calibration.TestTrainingExamplesList" name="test_agent_gets_403" time="0.003" /><testcase classname="backend.tests.test_iteration3_partner_calibration.TestTrainingExampleCreatePatchDelete" name="test_create_default_partner_kimkim" time="0.158" /><testcase classname="backend.tests.test_iteration3_partner_calibration.TestTrainingExampleCreatePatchDelete" name="test_create_400_on_missing_client_request" time="0.004" /><testcase classname="backend.tests.test_iteration3_partner_calibration.TestTrainingExampleCreatePatchDelete" name="test_create_with_explicit_partner" time="0.047" /><testcase classname="backend.tests.test_iteration3_partner_calibration.TestTrainingExampleCreatePatchDelete" name="test_agent_blocked_on_create" time="0.003" /><testcase classname="backend.tests.test_iteration3_partner_calibration.TestAdminLockSmoke" name="test_agent_403[GET-/calibration/status-None]" time="0.003" /><testcase classname="backend.tests.test_iteration3_partner_calibration.TestAdminLockSmoke" name="test_agent_403[GET-/calibration/rules-None]" time="0.003" /><testcase classname="backend.tests.test_iteration3_partner_calibration.TestAdminLockSmoke" name="test_agent_403[POST-/calibration/run-payload2]" time="0.003" /><testcase classname="backend.tests.test_iteration3_partner_calibration.TestAdminLockSmoke" name="test_agent_403[GET-/training-examples-None]" time="0.003" /><testcase classname="backend.tests.test_iteration3_partner_calibration.TestAdminLockSmoke" name="test_agent_403[GET-/training-examples/pending-request-None]" time="0.003" /><testcase classname="backend.tests.test_iteration3_partner_calibration.TestAdminLockSmoke" name="test_agent_403[POST-/training-examples-payload5]" time="0.003" /><testcase classname="backend.tests.test_iteration3_partner_calibration.TestAdminLockSmoke" name="test_agent_403[GET-/ai/retrieval/stats-None]" time="0.003" /><testcase classname="backend.tests.test_iteration3_partner_calibration.TestAdminLockSmoke" name="test_agent_403[POST-/ai/retrieval/search-payload7]" time="0.003" /><testcase classname="backend.tests.test_iteration3_partner_calibration.TestAdminLockSmoke" name="test_agent_403[POST-/ai/generate-itinerary-payload8]" time="0.003" /></testsuite></testsuites>