<?xml version="1.0" encoding="utf-8"?><testsuites name="pytest tests"><testsuite name="pytest" errors="0" failures="0" skipped="0" tests="19" time="3.661" timestamp="2026-07-03T12:24:59.370065+00:00" hostname="agent-env-8f86617f-8568-47fc-b495-28bd4513ab1e"><testcase classname="backend.tests.test_iteration22_cashflow.TestPublicPayment" name="test_captured_payments_present_for_paid_itinerary" time="0.286" /><testcase classname="backend.tests.test_iteration22_cashflow.TestPublicPayment" name="test_paid_eur_positive_for_paid_itinerary" time="0.097" /><testcase classname="backend.tests.test_iteration22_cashflow.TestPublicPayment" name="test_clean_itinerary_no_captured_payments" time="0.145" /><testcase classname="backend.tests.test_iteration22_cashflow.TestSplitPayment" name="test_create_order_accepts_split_fields" time="1.040" /><testcase classname="backend.tests.test_iteration22_cashflow.TestSplitPayment" name="test_create_order_without_split_still_works" time="0.667" /><testcase classname="backend.tests.test_iteration22_cashflow.TestPostSaleExtras" name="test_create_extra" time="0.047" /><testcase classname="backend.tests.test_iteration22_cashflow.TestPostSaleExtras" name="test_reject_zero_amount" time="0.047" /><testcase classname="backend.tests.test_iteration22_cashflow.TestPostSaleExtras" name="test_list_extras" time="0.045" /><testcase classname="backend.tests.test_iteration22_cashflow.TestPostSaleExtras" name="test_public_extra_landing" time="0.110" /><testcase classname="backend.tests.test_iteration22_cashflow.TestPostSaleExtras" name="test_public_extra_landing_invalid_token" time="0.097" /><testcase classname="backend.tests.test_iteration22_cashflow.TestPostSaleExtras" name="test_public_extra_create_order" time="0.587" /><testcase classname="backend.tests.test_iteration22_cashflow.TestPostSaleExtras" name="test_delete_extra" time="0.088" /><testcase classname="backend.tests.test_iteration22_cashflow.TestRefunds" name="test_create_refund_request" time="0.045" /><testcase classname="backend.tests.test_iteration22_cashflow.TestRefunds" name="test_list_refund_requests" time="0.044" /><testcase classname="backend.tests.test_iteration22_cashflow.TestRefunds" name="test_amount_above_refundable_rejected" time="0.044" /><testcase classname="backend.tests.test_iteration22_cashflow.TestRefunds" name="test_zero_or_negative_rejected" time="0.046" /><testcase classname="backend.tests.test_iteration22_cashflow.TestRefunds" name="test_unknown_payment_id_rejected" time="0.042" /><testcase classname="backend.tests.test_iteration22_cashflow.TestRefunds" name="test_non_manager_approve_forbidden" time="0.042" /><testcase classname="backend.tests.test_iteration22_cashflow.TestRefunds" name="test_non_manager_reject_forbidden" time="0.045" /></testsuite></testsuites>