<?xml version="1.0" encoding="utf-8"?><testsuites name="pytest tests"><testsuite name="pytest" errors="0" failures="0" skipped="0" tests="11" time="2.203" timestamp="2026-06-30T13:21:31.060812+00:00" hostname="agent-env-8f86617f-8568-47fc-b495-28bd4513ab1e"><testcase classname="backend.tests.test_paypal_payment_link" name="test_itineraries_endpoint_accessible" time="0.198" /><testcase classname="backend.tests.test_paypal_payment_link" name="test_create_link_requires_auth" time="0.093" /><testcase classname="backend.tests.test_paypal_payment_link" name="test_create_link_future_returns_full_shape" time="0.076" /><testcase classname="backend.tests.test_paypal_payment_link" name="test_create_link_is_idempotent" time="0.091" /><testcase classname="backend.tests.test_paypal_payment_link" name="test_create_link_past_returns_only_full" time="0.050" /><testcase classname="backend.tests.test_paypal_payment_link" name="test_get_payment_landing_public_no_auth" time="0.117" /><testcase classname="backend.tests.test_paypal_payment_link" name="test_get_payment_landing_unknown_token_404" time="0.062" /><testcase classname="backend.tests.test_paypal_payment_link" name="test_create_order_full_returns_paypal_approval" time="1.189" /><testcase classname="backend.tests.test_paypal_payment_link" name="test_create_order_invalid_kind_returns_400" time="0.084" /><testcase classname="backend.tests.test_paypal_payment_link" name="test_create_order_unknown_token_404" time="0.043" /><testcase classname="backend.tests.test_paypal_payment_link" name="test_create_link_without_session_cookie_401" time="0.081" /></testsuite></testsuites>