<?xml version="1.0" encoding="utf-8"?><testsuites name="pytest tests"><testsuite name="pytest" errors="0" failures="0" skipped="0" tests="25" time="12.697" timestamp="2026-05-28T10:55:30.174529+00:00" hostname="agent-env-8f86617f-8568-47fc-b495-28bd4513ab1e"><testcase classname="backend.tests.backend_test.TestHealth" name="test_root_ok" time="0.221" /><testcase classname="backend.tests.backend_test.TestAuth" name="test_me_no_token_401" time="0.137" /><testcase classname="backend.tests.backend_test.TestAuth" name="test_me_with_bearer" time="0.114" /><testcase classname="backend.tests.backend_test.TestAuth" name="test_logout_revokes_then_reseed" time="0.301" /><testcase classname="backend.tests.backend_test.TestAuth" name="test_admin_endpoint_denies_agent" time="0.113" /><testcase classname="backend.tests.backend_test.TestWhitelist" name="test_whitelist_crud" time="0.306" /><testcase classname="backend.tests.backend_test.TestProviders" name="test_provider_crud_and_sort" time="0.335" /><testcase classname="backend.tests.backend_test.TestExperiences" name="test_experience_requires_existing_provider" time="0.096" /><testcase classname="backend.tests.backend_test.TestExperiences" name="test_experience_full_flow_and_cascade" time="0.745" /><testcase classname="backend.tests.backend_test.TestItineraryAndExport" name="test_itinerary_crud_and_excel_export" time="0.340" /><testcase classname="backend.tests.backend_test.TestStats" name="test_stats" time="0.098" /><testcase classname="backend.tests.backend_test.TestBulkImport" name="test_import_synthetic_xlsx" time="0.114" /><testcase classname="backend.tests.backend_test.TestBulkImport" name="test_import_real_provider_sheet" time="0.147" /><testcase classname="backend.tests.backend_test.TestExperience3TierPricing" name="test_experience_3_tier_create_and_patch_sync" time="0.403" /><testcase classname="backend.tests.backend_test.TestExperienceAutocomplete" name="test_autocomplete_q_tour" time="0.146" /><testcase classname="backend.tests.backend_test.TestExperienceAutocomplete" name="test_autocomplete_q_wine_no_city" time="0.101" /><testcase classname="backend.tests.backend_test.TestExperienceAutocomplete" name="test_autocomplete_city_only" time="0.106" /><testcase classname="backend.tests.backend_test.TestExperienceAutocomplete" name="test_autocomplete_no_q_no_city_fallback" time="0.102" /><testcase classname="backend.tests.backend_test.TestItineraryDayCity" name="test_day_city_persists_on_create_and_patch" time="0.253" /><testcase classname="backend.tests.backend_test.TestItineraryServiceAndAccommodation3Tier" name="test_service_and_accommodation_3_tier_persist" time="0.201" /><testcase classname="backend.tests.backend_test.TestImportAllServer" name="test_requires_admin" time="0.105" /><testcase classname="backend.tests.backend_test.TestImportAllServer" name="test_admin_run_returns_summary_and_dedupes_on_rerun" time="7.389" /><testcase classname="backend.tests.backend_test.TestImportAllServer" name="test_country_inferred_from_folder" time="0.128" /><testcase classname="backend.tests.backend_test.TestImportProviderSheetDedupe" name="test_second_upload_skips" time="0.173" /><testcase classname="backend.tests.backend_test.TestFacetsSorted" name="test_facets_distinct_and_sorted" time="0.111" /></testsuite></testsuites>