<?xml version="1.0" encoding="utf-8"?><testsuites name="pytest tests"><testsuite name="pytest" errors="0" failures="0" skipped="0" tests="13" time="3.602" timestamp="2026-05-28T10:36:35.100393+00:00" hostname="agent-env-8f86617f-8568-47fc-b495-28bd4513ab1e"><testcase classname="backend.tests.backend_test.TestHealth" name="test_root_ok" time="0.209" /><testcase classname="backend.tests.backend_test.TestAuth" name="test_me_no_token_401" time="0.137" /><testcase classname="backend.tests.backend_test.TestAuth" name="test_me_with_bearer" time="0.102" /><testcase classname="backend.tests.backend_test.TestAuth" name="test_logout_revokes_then_reseed" time="0.377" /><testcase classname="backend.tests.backend_test.TestAuth" name="test_admin_endpoint_denies_agent" time="0.102" /><testcase classname="backend.tests.backend_test.TestWhitelist" name="test_whitelist_crud" time="0.285" /><testcase classname="backend.tests.backend_test.TestProviders" name="test_provider_crud_and_sort" time="0.321" /><testcase classname="backend.tests.backend_test.TestExperiences" name="test_experience_requires_existing_provider" time="0.138" /><testcase classname="backend.tests.backend_test.TestExperiences" name="test_experience_full_flow_and_cascade" time="0.723" /><testcase classname="backend.tests.backend_test.TestItineraryAndExport" name="test_itinerary_crud_and_excel_export" time="0.396" /><testcase classname="backend.tests.backend_test.TestStats" name="test_stats" time="0.141" /><testcase classname="backend.tests.backend_test.TestBulkImport" name="test_import_synthetic_xlsx" time="0.119" /><testcase classname="backend.tests.backend_test.TestBulkImport" name="test_import_real_provider_sheet" time="0.131" /></testsuite></testsuites>