<?xml version="1.0" encoding="utf-8"?><testsuites name="pytest tests"><testsuite name="pytest" errors="0" failures="0" skipped="0" tests="15" time="1.747" timestamp="2026-06-30T09:57:50.718683+00:00" hostname="agent-env-8f86617f-8568-47fc-b495-28bd4513ab1e"><testcase classname="backend.tests.test_share_and_pax.TestAgentsList" name="test_excludes_self_and_sorted" time="0.115" /><testcase classname="backend.tests.test_share_and_pax.TestAgentsList" name="test_no_session_unauth" time="0.129" /><testcase classname="backend.tests.test_share_and_pax.TestShareItinerary" name="test_share_with_marina_success_and_idempotent" time="0.179" /><testcase classname="backend.tests.test_share_and_pax.TestShareItinerary" name="test_share_with_unknown_email_400" time="0.042" /><testcase classname="backend.tests.test_share_and_pax.TestShareItinerary" name="test_share_with_self_400" time="0.042" /><testcase classname="backend.tests.test_share_and_pax.TestShareItinerary" name="test_share_unknown_itinerary_404" time="0.046" /><testcase classname="backend.tests.test_share_and_pax.TestShareItinerary" name="test_share_without_session_unauth" time="0.089" /><testcase classname="backend.tests.test_share_and_pax.TestShareItinerary" name="test_unshare_owner_can_remove" time="0.088" /><testcase classname="backend.tests.test_share_and_pax.TestShareItinerary" name="test_collaborator_can_self_unshare" time="0.150" /><testcase classname="backend.tests.test_share_and_pax.TestShareItinerary" name="test_third_party_cannot_unshare_other" time="0.174" /><testcase classname="backend.tests.test_share_and_pax.TestListScoping" name="test_admin_sees_all" time="0.070" /><testcase classname="backend.tests.test_share_and_pax.TestListScoping" name="test_non_admin_sees_only_own_plus_shared" time="0.132" /><testcase classname="backend.tests.test_share_and_pax.TestPaxFields" name="test_patch_pax_breakdown_persists" time="0.174" /><testcase classname="backend.tests.test_share_and_pax.TestPaxFields" name="test_shared_user_can_patch" time="0.130" /><testcase classname="backend.tests.test_share_and_pax.TestPaxFields" name="test_non_shared_non_owner_cannot_patch" time="0.045" /></testsuite></testsuites>