<?xml version="1.0" encoding="utf-8"?><testsuites name="pytest tests"><testsuite name="pytest" errors="0" failures="0" skipped="1" tests="8" time="28.432" timestamp="2026-06-23T15:15:02.252969+00:00" hostname="agent-env-8f86617f-8568-47fc-b495-28bd4513ab1e"><testcase classname="backend.tests.test_sofi_push.TestItineraryShape" name="test_get_itinerary_includes_sofi_fields" time="0.191" /><testcase classname="backend.tests.test_sofi_push.Test404Paths" name="test_push_unknown_itinerary_returns_404" time="0.048" /><testcase classname="backend.tests.test_sofi_push.Test404Paths" name="test_status_unknown_job_returns_404" time="0.047" /><testcase classname="backend.tests.test_sofi_push.TestDryRun" name="test_dry_run_returns_filled_form_and_screenshot" time="27.805" /><testcase classname="backend.tests.test_sofi_push.TestDryRun" name="test_dry_run_does_not_set_sofi_trip_id" time="0.050" /><testcase classname="backend.tests.test_sofi_push.TestAlreadyPushedConflict" name="test_real_push_after_already_pushed_returns_409" time="0.125" /><testcase classname="backend.tests.test_sofi_push.TestAlreadyPushedConflict" name="test_dry_run_after_already_pushed_still_allowed" time="0.097" /><testcase classname="backend.tests.test_sofi_push" name="test_real_push_creates_sofi_trip_and_stamps_doc" time="0.001"><skipped type="pytest.skip" message="skipped — would create a real trip in Sofi production (set SOFI_RUN_REAL_PUSH=1 to enable)">/app/backend/tests/test_sofi_push.py:203: skipped — would create a real trip in Sofi production (set SOFI_RUN_REAL_PUSH=1 to enable)</skipped></testcase></testsuite></testsuites>