<?xml version="1.0" encoding="utf-8"?><testsuites name="pytest tests"><testsuite name="pytest" errors="0" failures="0" skipped="1" tests="13" time="34.617" timestamp="2026-06-24T07:55:03.318806+00:00" hostname="agent-env-8f86617f-8568-47fc-b495-28bd4513ab1e"><testcase classname="backend.tests.test_sofi_push.TestItineraryShape" name="test_get_pushed_itinerary_surfaces_sofi_fields" time="0.167" /><testcase classname="backend.tests.test_sofi_push.TestItineraryShape" name="test_get_unpushed_itinerary_has_null_sofi_fields" time="0.115" /><testcase classname="backend.tests.test_sofi_push.Test404Paths" name="test_push_unknown_itinerary_returns_404" time="0.045" /><testcase classname="backend.tests.test_sofi_push.Test404Paths" name="test_status_unknown_job_returns_404" time="0.069" /><testcase classname="backend.tests.test_sofi_push.TestDryRun" name="test_dry_run_returns_filled_form_and_screenshot" time="33.837" /><testcase classname="backend.tests.test_sofi_push.TestDryRun" name="test_dry_run_does_not_set_sofi_trip_id" time="0.046" /><testcase classname="backend.tests.test_sofi_push.TestAlreadyPushedConflict" name="test_real_push_after_already_pushed_returns_409" time="0.044" /><testcase classname="backend.tests.test_sofi_push.TestDryRunStrictBool" name="test_dry_run_string_no_is_treated_as_false_not_true" time="0.048" /><testcase classname="backend.tests.test_sofi_push.TestDryRunStrictBool" name="test_dry_run_string_true_is_treated_as_false_not_true" time="0.045" /><testcase classname="backend.tests.test_sofi_push.TestDryRunStrictBool" name="test_dry_run_missing_defaults_to_false" time="0.044" /><testcase classname="backend.tests.test_sofi_push.TestRegressionCriticalEndpoints" name="test_get_itinerary_includes_all_sofi_fields" time="0.044" /><testcase classname="backend.tests.test_sofi_push.TestRegressionCriticalEndpoints" name="test_create_itinerary_returns_new_doc" time="0.047" /><testcase classname="backend.tests.test_sofi_push" name="test_real_push_creates_sofi_trip_and_stamps_doc" time="0.001"><skipped type="pytest.skip" message="skipped — would create a real trip in Sofi production (set SOFI_RUN_REAL_PUSH=1 to enable)">/app/backend/tests/test_sofi_push.py:274: skipped — would create a real trip in Sofi production (set SOFI_RUN_REAL_PUSH=1 to enable)</skipped></testcase></testsuite></testsuites>